mode: atomic
github.com/scttfrdmn/cloudsnooze/daemon/api/socket.go:52.55,56.2 1 14
github.com/scttfrdmn/cloudsnooze/daemon/api/socket.go:59.64,62.47 2 10
github.com/scttfrdmn/cloudsnooze/daemon/api/socket.go:62.47,64.3 1 0
github.com/scttfrdmn/cloudsnooze/daemon/api/socket.go:67.2,67.49 1 10
github.com/scttfrdmn/cloudsnooze/daemon/api/socket.go:67.49,69.3 1 0
github.com/scttfrdmn/cloudsnooze/daemon/api/socket.go:72.2,73.16 2 10
github.com/scttfrdmn/cloudsnooze/daemon/api/socket.go:73.16,75.3 1 0
github.com/scttfrdmn/cloudsnooze/daemon/api/socket.go:78.2,78.51 1 10
github.com/scttfrdmn/cloudsnooze/daemon/api/socket.go:78.51,80.22 2 0
github.com/scttfrdmn/cloudsnooze/daemon/api/socket.go:80.22,82.4 1 0
github.com/scttfrdmn/cloudsnooze/daemon/api/socket.go:83.3,83.70 1 0
github.com/scttfrdmn/cloudsnooze/daemon/api/socket.go:86.2,91.8 1 10
github.com/scttfrdmn/cloudsnooze/daemon/api/socket.go:95.80,97.2 1 14
github.com/scttfrdmn/cloudsnooze/daemon/api/socket.go:100.38,105.6 4 6
github.com/scttfrdmn/cloudsnooze/daemon/api/socket.go:105.6,110.15 4 20
github.com/scttfrdmn/cloudsnooze/daemon/api/socket.go:110.15,112.4 1 0
github.com/scttfrdmn/cloudsnooze/daemon/api/socket.go:114.3,115.17 2 20
github.com/scttfrdmn/cloudsnooze/daemon/api/socket.go:115.17,120.16 4 6
github.com/scttfrdmn/cloudsnooze/daemon/api/socket.go:120.16,122.5 1 6
github.com/scttfrdmn/cloudsnooze/daemon/api/socket.go:123.4,123.60 1 0
github.com/scttfrdmn/cloudsnooze/daemon/api/socket.go:127.3,127.30 1 14
github.com/scttfrdmn/cloudsnooze/daemon/api/socket.go:132.37,137.23 4 11
github.com/scttfrdmn/cloudsnooze/daemon/api/socket.go:137.23,139.3 1 11
github.com/scttfrdmn/cloudsnooze/daemon/api/socket.go:140.2,140.12 1 0
github.com/scttfrdmn/cloudsnooze/daemon/api/socket.go:144.56,145.15 1 15
github.com/scttfrdmn/cloudsnooze/daemon/api/socket.go:145.15,146.38 1 15
github.com/scttfrdmn/cloudsnooze/daemon/api/socket.go:146.38,148.4 1 0
github.com/scttfrdmn/cloudsnooze/daemon/api/socket.go:152.2,154.49 3 15
github.com/scttfrdmn/cloudsnooze/daemon/api/socket.go:154.49,157.3 2 1
github.com/scttfrdmn/cloudsnooze/daemon/api/socket.go:160.2,161.13 2 14
github.com/scttfrdmn/cloudsnooze/daemon/api/socket.go:161.13,164.3 2 1
github.com/scttfrdmn/cloudsnooze/daemon/api/socket.go:167.2,168.16 2 13
github.com/scttfrdmn/cloudsnooze/daemon/api/socket.go:168.16,171.3 2 1
github.com/scttfrdmn/cloudsnooze/daemon/api/socket.go:174.2,180.49 3 12
github.com/scttfrdmn/cloudsnooze/daemon/api/socket.go:180.49,183.3 1 1
github.com/scttfrdmn/cloudsnooze/daemon/api/socket.go:187.54,194.49 3 3
github.com/scttfrdmn/cloudsnooze/daemon/api/socket.go:194.49,197.3 1 0
github.com/scttfrdmn/cloudsnooze/daemon/api/socket.go:201.104,204.16 2 14
github.com/scttfrdmn/cloudsnooze/daemon/api/socket.go:204.16,206.3 1 1
github.com/scttfrdmn/cloudsnooze/daemon/api/socket.go:207.2,207.15 1 13
github.com/scttfrdmn/cloudsnooze/daemon/api/socket.go:207.15,208.38 1 13
github.com/scttfrdmn/cloudsnooze/daemon/api/socket.go:208.38,210.4 1 0
github.com/scttfrdmn/cloudsnooze/daemon/api/socket.go:214.2,221.48 3 13
github.com/scttfrdmn/cloudsnooze/daemon/api/socket.go:221.48,223.3 1 0
github.com/scttfrdmn/cloudsnooze/daemon/api/socket.go:226.2,228.50 3 13
github.com/scttfrdmn/cloudsnooze/daemon/api/socket.go:228.50,230.3 1 0
github.com/scttfrdmn/cloudsnooze/daemon/api/socket.go:233.2,233.23 1 13
github.com/scttfrdmn/cloudsnooze/daemon/api/socket.go:233.23,235.3 1 2
github.com/scttfrdmn/cloudsnooze/daemon/api/socket.go:237.2,237.27 1 11
